build/app/intermediates/manifest_merge_blame_file/debug/manifest-merger-blame-debug-report.txt
1<?xml version="1.0" encoding="utf-8"?>
2<manifest xmlns:android="http://schemas.android.com/apk/res/android"
3    package="com.smartersvision.home_services"
4    android:versionCode="31"
5    android:versionName="2.2.2" >
6
7    <uses-sdk
8        android:minSdkVersion="20"
9        android:targetSdkVersion="33" />
10    <!--
11         Flutter needs it to communicate with the running application
12         to allow setting breakpoints, to provide hot reload, etc.
13    -->
14    <uses-permission android:name="android.permission.INTERNET" />
14-->src/main/AndroidManifest.xml:4:5-66
14-->src/main/AndroidManifest.xml:4:22-64
15    <uses-permission android:name="android.permission.ACCESS_FINE_LOCATION" />
15-->src/main/AndroidManifest.xml:5:5-78
15-->src/main/AndroidManifest.xml:5:22-76
16    <uses-permission android:name="android.permission.ACCESS_COARSE_LOCATION" />
16-->src/main/AndroidManifest.xml:6:5-80
16-->src/main/AndroidManifest.xml:6:22-78
17    <uses-permission android:name="android.permission.ACCESS_NETWORK_STATE" />
17-->src/main/AndroidManifest.xml:7:5-78
17-->src/main/AndroidManifest.xml:7:22-76
18    <uses-permission android:name="android.permission.VIBRATE" />
18-->src/main/AndroidManifest.xml:8:5-65
18-->src/main/AndroidManifest.xml:8:22-63
19    <uses-permission android:name="android.permission.WAKE_LOCK" /> <!-- Permissions options for the `notification` group -->
19-->[:firebase_messaging] AndroidManifest.xml:8:5-68
19-->[:firebase_messaging] AndroidManifest.xml:8:22-65
20    <uses-permission android:name="android.permission.POST_NOTIFICATIONS" />
20-->[:firebase_messaging] AndroidManifest.xml:11:5-77
20-->[:firebase_messaging] AndroidManifest.xml:11:22-74
21    <uses-permission android:name="android.permission.FOREGROUND_SERVICE" />
21-->[:geolocator_android] AndroidManifest.xml:7:5-77
21-->[:geolocator_android] AndroidManifest.xml:7:22-74
22
23    <queries>
23-->[:map_launcher] AndroidManifest.xml:7:5-23:15
24        <package android:name="com.google.android.apps.maps" />
24-->[:map_launcher] AndroidManifest.xml:8:9-64
24-->[:map_launcher] AndroidManifest.xml:8:18-61
25        <package android:name="com.google.android.apps.mapslite" />
25-->[:map_launcher] AndroidManifest.xml:9:9-68
25-->[:map_launcher] AndroidManifest.xml:9:18-65
26        <package android:name="com.autonavi.minimap" />
26-->[:map_launcher] AndroidManifest.xml:10:9-56
26-->[:map_launcher] AndroidManifest.xml:10:18-53
27        <package android:name="com.baidu.BaiduMap" />
27-->[:map_launcher] AndroidManifest.xml:11:9-54
27-->[:map_launcher] AndroidManifest.xml:11:18-51
28        <package android:name="com.waze" />
28-->[:map_launcher] AndroidManifest.xml:12:9-44
28-->[:map_launcher] AndroidManifest.xml:12:18-41
29        <package android:name="ru.yandex.yandexnavi" />
29-->[:map_launcher] AndroidManifest.xml:13:9-56
29-->[:map_launcher] AndroidManifest.xml:13:18-53
30        <package android:name="ru.yandex.yandexmaps" />
30-->[:map_launcher] AndroidManifest.xml:14:9-56
30-->[:map_launcher] AndroidManifest.xml:14:18-53
31        <package android:name="com.citymapper.app.release" />
31-->[:map_launcher] AndroidManifest.xml:15:9-62
31-->[:map_launcher] AndroidManifest.xml:15:18-59
32        <package android:name="com.mapswithme.maps.pro" />
32-->[:map_launcher] AndroidManifest.xml:16:9-59
32-->[:map_launcher] AndroidManifest.xml:16:18-56
33        <package android:name="net.osmand" />
33-->[:map_launcher] AndroidManifest.xml:17:9-46
33-->[:map_launcher] AndroidManifest.xml:17:18-43
34        <package android:name="net.osmand.plus" />
34-->[:map_launcher] AndroidManifest.xml:18:9-51
34-->[:map_launcher] AndroidManifest.xml:18:18-48
35        <package android:name="ru.dublgis.dgismobile" />
35-->[:map_launcher] AndroidManifest.xml:19:9-57
35-->[:map_launcher] AndroidManifest.xml:19:18-54
36        <package android:name="com.tencent.map" />
36-->[:map_launcher] AndroidManifest.xml:20:9-51
36-->[:map_launcher] AndroidManifest.xml:20:18-48
37        <package android:name="com.here.app.maps" />
37-->[:map_launcher] AndroidManifest.xml:21:9-53
37-->[:map_launcher] AndroidManifest.xml:21:18-50
38        <package android:name="com.huawei.maps.app" />
38-->[:map_launcher] AndroidManifest.xml:22:9-55
38-->[:map_launcher] AndroidManifest.xml:22:18-52
39    </queries> <!-- Required by older versions of Google Play services to create IID tokens -->
40    <uses-permission android:name="com.google.android.c2dm.permission.RECEIVE" />
40-->[com.google.firebase:firebase-messaging:23.0.8] AndroidManifest.xml:29:5-82
40-->[com.google.firebase:firebase-messaging:23.0.8] AndroidManifest.xml:29:22-79
41
42    <uses-feature
42-->[com.google.android.gms:play-services-maps:18.1.0] AndroidManifest.xml:26:5-28:35
43        android:glEsVersion="0x00020000"
43-->[com.google.android.gms:play-services-maps:18.1.0] AndroidManifest.xml:27:9-41
44        android:required="true" />
44-->[com.google.android.gms:play-services-maps:18.1.0] AndroidManifest.xml:28:9-32
45    <!--
46 io.flutter.app.FlutterApplication is an android.app.Application that
47         calls FlutterMain.startInitialization(this); in its onCreate method.
48         In most cases you can leave this as-is, but you if you want to provide
49         additional functionality it is fine to subclass or reimplement
50         FlutterApplication and put your custom class here.
51    -->
52    <application
53        android:name="android.app.Application"
54        android:appComponentFactory="androidx.core.app.CoreComponentFactory"
54-->[androidx.core:core:1.8.0] AndroidManifest.xml:24:18-86
55        android:debuggable="true"
56        android:icon="@mipmap/ic_notification"
57        android:label="Home Services"
58        android:usesCleartextTraffic="true" >
59        <meta-data
60            android:name="com.google.android.geo.API_KEY"
61            android:value="AIzaSyDdyth2EiAjU9m9eE_obC5fnTY1yeVNTJU" />
62        <meta-data
63            android:name="com.google.firebase.messaging.default_notification_icon"
64            android:resource="@mipmap/ic_notification" />
65
66        <activity
67            android:name="com.smartersvision.home_services.MainActivity"
68            android:configChanges="orientation|keyboardHidden|keyboard|screenSize|smallestScreenSize|locale|layoutDirection|fontScale|screenLayout|density|uiMode"
69            android:exported="true"
70            android:hardwareAccelerated="true"
71            android:launchMode="singleTop"
72            android:theme="@style/LaunchTheme"
73            android:windowSoftInputMode="adjustResize" >
74
75            <!--
76                 Specifies an Android theme to apply to this Activity as soon as
77                 the Android process has started. This theme is visible to the user
78                 while the Flutter UI initializes. After that, this theme continues
79                 to determine the Window background behind the Flutter UI.
80            -->
81            <meta-data
82                android:name="io.flutter.embedding.android.NormalTheme"
83                android:resource="@style/NormalTheme" />
84
85            <intent-filter>
86                <action android:name="android.intent.action.MAIN" />
87
88                <category android:name="android.intent.category.LAUNCHER" />
89            </intent-filter>
90            <intent-filter>
91                <action android:name="FLUTTER_NOTIFICATION_CLICK" />
92
93                <category android:name="android.intent.category.DEFAULT" />
93-->[com.google.firebase:firebase-auth:21.0.8] AndroidManifest.xml:36:17-76
93-->[com.google.firebase:firebase-auth:21.0.8] AndroidManifest.xml:36:27-73
94            </intent-filter>
95        </activity>
96        <!--
97             Don't delete the meta-data below.
98             This is used by the Flutter tool to generate GeneratedPluginRegistrant.java
99        -->
100        <meta-data
101            android:name="flutterEmbedding"
102            android:value="2" />
103
104        <service
104-->[:cloud_firestore] AndroidManifest.xml:8:9-12:19
105            android:name="com.google.firebase.components.ComponentDiscoveryService"
105-->[:cloud_firestore] AndroidManifest.xml:8:18-89
106            android:directBootAware="true"
106-->[com.google.firebase:firebase-common:20.1.2] AndroidManifest.xml:35:13-43
107            android:exported="false" >
107-->[com.google.firebase:firebase-messaging:23.0.8] AndroidManifest.xml:55:13-37
108            <meta-data
108-->[:cloud_firestore] AndroidManifest.xml:9:13-11:85
109                android:name="com.google.firebase.components:io.flutter.plugins.firebase.firestore.FlutterFirebaseFirestoreRegistrar"
109-->[:cloud_firestore] AndroidManifest.xml:10:17-134
110                android:value="com.google.firebase.components.ComponentRegistrar" />
110-->[:cloud_firestore] AndroidManifest.xml:11:17-82
111            <meta-data
111-->[:firebase_auth] AndroidManifest.xml:9:13-11:85
112                android:name="com.google.firebase.components:io.flutter.plugins.firebase.auth.FlutterFirebaseAuthRegistrar"
112-->[:firebase_auth] AndroidManifest.xml:10:17-124
113                android:value="com.google.firebase.components.ComponentRegistrar" />
113-->[:firebase_auth] AndroidManifest.xml:11:17-82
114            <meta-data
114-->[:firebase_storage] AndroidManifest.xml:9:13-11:85
115                android:name="com.google.firebase.components:io.flutter.plugins.firebase.storage.FlutterFirebaseAppRegistrar"
115-->[:firebase_storage] AndroidManifest.xml:10:17-126
116                android:value="com.google.firebase.components.ComponentRegistrar" />
116-->[:firebase_storage] AndroidManifest.xml:11:17-82
117            <meta-data
117-->[:firebase_messaging] AndroidManifest.xml:36:13-38:85
118                android:name="com.google.firebase.components:io.flutter.plugins.firebase.messaging.FlutterFirebaseAppRegistrar"
118-->[:firebase_messaging] AndroidManifest.xml:37:17-128
119                android:value="com.google.firebase.components.ComponentRegistrar" />
119-->[:firebase_messaging] AndroidManifest.xml:38:17-82
120            <meta-data
120-->[:firebase_core] AndroidManifest.xml:9:13-11:85
121                android:name="com.google.firebase.components:io.flutter.plugins.firebase.core.FlutterFirebaseCoreRegistrar"
121-->[:firebase_core] AndroidManifest.xml:10:17-124
122                android:value="com.google.firebase.components.ComponentRegistrar" />
122-->[:firebase_core] AndroidManifest.xml:11:17-82
123            <meta-data
123-->[com.google.firebase:firebase-messaging:23.0.8] AndroidManifest.xml:56:13-58:85
124                android:name="com.google.firebase.components:com.google.firebase.messaging.FirebaseMessagingRegistrar"
124-->[com.google.firebase:firebase-messaging:23.0.8] AndroidManifest.xml:57:17-119
125                android:value="com.google.firebase.components.ComponentRegistrar" />
125-->[com.google.firebase:firebase-messaging:23.0.8] AndroidManifest.xml:58:17-82
126            <meta-data
126-->[com.google.firebase:firebase-auth:21.0.8] AndroidManifest.xml:67:13-69:85
127                android:name="com.google.firebase.components:com.google.firebase.auth.FirebaseAuthRegistrar"
127-->[com.google.firebase:firebase-auth:21.0.8] AndroidManifest.xml:68:17-109
128                android:value="com.google.firebase.components.ComponentRegistrar" />
128-->[com.google.firebase:firebase-auth:21.0.8] AndroidManifest.xml:69:17-82
129            <meta-data
129-->[com.google.firebase:firebase-datatransport:18.1.6] AndroidManifest.xml:28:13-30:85
130                android:name="com.google.firebase.components:com.google.firebase.datatransport.TransportRegistrar"
130-->[com.google.firebase:firebase-datatransport:18.1.6] AndroidManifest.xml:29:17-115
131                android:value="com.google.firebase.components.ComponentRegistrar" />
131-->[com.google.firebase:firebase-datatransport:18.1.6] AndroidManifest.xml:30:17-82
132            <meta-data
132-->[com.google.firebase:firebase-firestore:24.3.1] AndroidManifest.xml:20:13-22:85
133                android:name="com.google.firebase.components:com.google.firebase.firestore.FirestoreRegistrar"
133-->[com.google.firebase:firebase-firestore:24.3.1] AndroidManifest.xml:21:17-111
134                android:value="com.google.firebase.components.ComponentRegistrar" />
134-->[com.google.firebase:firebase-firestore:24.3.1] AndroidManifest.xml:22:17-82
135            <meta-data
135-->[com.google.firebase:firebase-storage:20.0.2] AndroidManifest.xml:33:13-35:85
136                android:name="com.google.firebase.components:com.google.firebase.storage.StorageRegistrar"
136-->[com.google.firebase:firebase-storage:20.0.2] AndroidManifest.xml:34:17-107
137                android:value="com.google.firebase.components.ComponentRegistrar" />
137-->[com.google.firebase:firebase-storage:20.0.2] AndroidManifest.xml:35:17-82
138            <meta-data
138-->[com.google.firebase:firebase-installations:17.0.3] AndroidManifest.xml:18:13-20:85
139                android:name="com.google.firebase.components:com.google.firebase.installations.FirebaseInstallationsRegistrar"
139-->[com.google.firebase:firebase-installations:17.0.3] AndroidManifest.xml:19:17-127
140                android:value="com.google.firebase.components.ComponentRegistrar" />
140-->[com.google.firebase:firebase-installations:17.0.3] AndroidManifest.xml:20:17-82
141        </service>
142        <service
142-->[:firebase_messaging] AndroidManifest.xml:14:9-17:72
143            android:name="io.flutter.plugins.firebase.messaging.FlutterFirebaseMessagingBackgroundService"
143-->[:firebase_messaging] AndroidManifest.xml:15:13-107
144            android:exported="false"
144-->[:firebase_messaging] AndroidManifest.xml:16:13-37
145            android:permission="android.permission.BIND_JOB_SERVICE" />
145-->[:firebase_messaging] AndroidManifest.xml:17:13-69
146        <service
146-->[:firebase_messaging] AndroidManifest.xml:18:9-24:19
147            android:name="io.flutter.plugins.firebase.messaging.FlutterFirebaseMessagingService"
147-->[:firebase_messaging] AndroidManifest.xml:19:13-97
148            android:exported="false" >
148-->[:firebase_messaging] AndroidManifest.xml:20:13-37
149            <intent-filter>
149-->[:firebase_messaging] AndroidManifest.xml:21:13-23:29
150                <action android:name="com.google.firebase.MESSAGING_EVENT" />
150-->[:firebase_messaging] AndroidManifest.xml:22:17-78
150-->[:firebase_messaging] AndroidManifest.xml:22:25-75
151            </intent-filter>
152        </service>
153
154        <receiver
154-->[:firebase_messaging] AndroidManifest.xml:26:9-33:20
155            android:name="io.flutter.plugins.firebase.messaging.FlutterFirebaseMessagingReceiver"
155-->[:firebase_messaging] AndroidManifest.xml:27:13-98
156            android:exported="true"
156-->[:firebase_messaging] AndroidManifest.xml:28:13-36
157            android:permission="com.google.android.c2dm.permission.SEND" >
157-->[:firebase_messaging] AndroidManifest.xml:29:13-73
158            <intent-filter>
158-->[:firebase_messaging] AndroidManifest.xml:30:13-32:29
159                <action android:name="com.google.android.c2dm.intent.RECEIVE" />
159-->[:firebase_messaging] AndroidManifest.xml:31:17-81
159-->[:firebase_messaging] AndroidManifest.xml:31:25-78
160            </intent-filter>
161        </receiver>
162
163        <provider
163-->[:firebase_messaging] AndroidManifest.xml:41:9-45:38
164            android:name="io.flutter.plugins.firebase.messaging.FlutterFirebaseMessagingInitProvider"
164-->[:firebase_messaging] AndroidManifest.xml:42:13-102
165            android:authorities="com.smartersvision.home_services.flutterfirebasemessaginginitprovider"
165-->[:firebase_messaging] AndroidManifest.xml:43:13-88
166            android:exported="false"
166-->[:firebase_messaging] AndroidManifest.xml:44:13-37
167            android:initOrder="99" />
167-->[:firebase_messaging] AndroidManifest.xml:45:13-35
168
169        <service
169-->[:geolocator_android] AndroidManifest.xml:10:9-14:56
170            android:name="com.baseflow.geolocator.GeolocatorLocationService"
170-->[:geolocator_android] AndroidManifest.xml:11:13-77
171            android:enabled="true"
171-->[:geolocator_android] AndroidManifest.xml:12:13-35
172            android:exported="false"
172-->[:geolocator_android] AndroidManifest.xml:13:13-37
173            android:foregroundServiceType="location" />
173-->[:geolocator_android] AndroidManifest.xml:14:13-53
174
175        <provider
175-->[:image_picker_android] AndroidManifest.xml:8:9-16:20
176            android:name="io.flutter.plugins.imagepicker.ImagePickerFileProvider"
176-->[:image_picker_android] AndroidManifest.xml:9:13-82
177            android:authorities="com.smartersvision.home_services.flutter.image_provider"
177-->[:image_picker_android] AndroidManifest.xml:10:13-74
178            android:exported="false"
178-->[:image_picker_android] AndroidManifest.xml:11:13-37
179            android:grantUriPermissions="true" >
179-->[:image_picker_android] AndroidManifest.xml:12:13-47
180            <meta-data
180-->[:image_picker_android] AndroidManifest.xml:13:13-15:75
181                android:name="android.support.FILE_PROVIDER_PATHS"
181-->[:image_picker_android] AndroidManifest.xml:14:17-67
182                android:resource="@xml/flutter_image_picker_file_paths" />
182-->[:image_picker_android] AndroidManifest.xml:15:17-72
183        </provider>
184
185        <activity
185-->[:url_launcher_android] AndroidManifest.xml:8:9-11:74
186            android:name="io.flutter.plugins.urllauncher.WebViewActivity"
186-->[:url_launcher_android] AndroidManifest.xml:9:13-74
187            android:exported="false"
187-->[:url_launcher_android] AndroidManifest.xml:10:13-37
188            android:theme="@android:style/Theme.NoTitleBar.Fullscreen" />
188-->[:url_launcher_android] AndroidManifest.xml:11:13-71
189
190        <service
190-->[:location] AndroidManifest.xml:11:9-15:56
191            android:name="com.lyokone.location.FlutterLocationService"
191-->[:location] AndroidManifest.xml:12:13-71
192            android:enabled="true"
192-->[:location] AndroidManifest.xml:13:13-35
193            android:exported="false"
193-->[:location] AndroidManifest.xml:14:13-37
194            android:foregroundServiceType="location" />
194-->[:location] AndroidManifest.xml:15:13-53
195
196        <uses-library
196-->[androidx.window:window:1.0.0-beta04] AndroidManifest.xml:25:9-27:40
197            android:name="androidx.window.extensions"
197-->[androidx.window:window:1.0.0-beta04] AndroidManifest.xml:26:13-54
198            android:required="false" />
198-->[androidx.window:window:1.0.0-beta04] AndroidManifest.xml:27:13-37
199        <uses-library
199-->[androidx.window:window:1.0.0-beta04] AndroidManifest.xml:28:9-30:40
200            android:name="androidx.window.sidecar"
200-->[androidx.window:window:1.0.0-beta04] AndroidManifest.xml:29:13-51
201            android:required="false" />
201-->[androidx.window:window:1.0.0-beta04] AndroidManifest.xml:30:13-37
202
203        <receiver
203-->[com.google.firebase:firebase-messaging:23.0.8] AndroidManifest.xml:32:9-39:20
204            android:name="com.google.firebase.iid.FirebaseInstanceIdReceiver"
204-->[com.google.firebase:firebase-messaging:23.0.8] AndroidManifest.xml:33:13-78
205            android:exported="true"
205-->[com.google.firebase:firebase-messaging:23.0.8] AndroidManifest.xml:34:13-36
206            android:permission="com.google.android.c2dm.permission.SEND" >
206-->[com.google.firebase:firebase-messaging:23.0.8] AndroidManifest.xml:35:13-73
207            <intent-filter>
207-->[:firebase_messaging] AndroidManifest.xml:30:13-32:29
208                <action android:name="com.google.android.c2dm.intent.RECEIVE" />
208-->[:firebase_messaging] AndroidManifest.xml:31:17-81
208-->[:firebase_messaging] AndroidManifest.xml:31:25-78
209            </intent-filter>
210        </receiver>
211        <!--
212             FirebaseMessagingService performs security checks at runtime,
213             but set to not exported to explicitly avoid allowing another app to call it.
214        -->
215        <service
215-->[com.google.firebase:firebase-messaging:23.0.8] AndroidManifest.xml:45:9-52:19
216            android:name="com.google.firebase.messaging.FirebaseMessagingService"
216-->[com.google.firebase:firebase-messaging:23.0.8] AndroidManifest.xml:46:13-82
217            android:directBootAware="true"
217-->[com.google.firebase:firebase-messaging:23.0.8] AndroidManifest.xml:47:13-43
218            android:exported="false" >
218-->[com.google.firebase:firebase-messaging:23.0.8] AndroidManifest.xml:48:13-37
219            <intent-filter android:priority="-500" >
219-->[:firebase_messaging] AndroidManifest.xml:21:13-23:29
220                <action android:name="com.google.firebase.MESSAGING_EVENT" />
220-->[:firebase_messaging] AndroidManifest.xml:22:17-78
220-->[:firebase_messaging] AndroidManifest.xml:22:25-75
221            </intent-filter>
222        </service>
223
224        <activity
224-->[com.google.firebase:firebase-auth:21.0.8] AndroidManifest.xml:27:9-44:20
225            android:name="com.google.firebase.auth.internal.GenericIdpActivity"
225-->[com.google.firebase:firebase-auth:21.0.8] AndroidManifest.xml:28:13-80
226            android:excludeFromRecents="true"
226-->[com.google.firebase:firebase-auth:21.0.8] AndroidManifest.xml:29:13-46
227            android:exported="true"
227-->[com.google.firebase:firebase-auth:21.0.8] AndroidManifest.xml:30:13-36
228            android:launchMode="singleTask"
228-->[com.google.firebase:firebase-auth:21.0.8] AndroidManifest.xml:31:13-44
229            android:theme="@android:style/Theme.Translucent.NoTitleBar" >
229-->[com.google.firebase:firebase-auth:21.0.8] AndroidManifest.xml:32:13-72
230            <intent-filter>
230-->[com.google.firebase:firebase-auth:21.0.8] AndroidManifest.xml:33:13-43:29
231                <action android:name="android.intent.action.VIEW" />
231-->[com.google.firebase:firebase-auth:21.0.8] AndroidManifest.xml:34:17-69
231-->[com.google.firebase:firebase-auth:21.0.8] AndroidManifest.xml:34:25-66
232
233                <category android:name="android.intent.category.DEFAULT" />
233-->[com.google.firebase:firebase-auth:21.0.8] AndroidManifest.xml:36:17-76
233-->[com.google.firebase:firebase-auth:21.0.8] AndroidManifest.xml:36:27-73
234                <category android:name="android.intent.category.BROWSABLE" />
234-->[com.google.firebase:firebase-auth:21.0.8] AndroidManifest.xml:37:17-78
234-->[com.google.firebase:firebase-auth:21.0.8] AndroidManifest.xml:37:27-75
235
236                <data
236-->[com.google.firebase:firebase-auth:21.0.8] AndroidManifest.xml:39:17-42:51
237                    android:host="firebase.auth"
237-->[com.google.firebase:firebase-auth:21.0.8] AndroidManifest.xml:40:21-49
238                    android:path="/"
238-->[com.google.firebase:firebase-auth:21.0.8] AndroidManifest.xml:41:21-37
239                    android:scheme="genericidp" />
239-->[com.google.firebase:firebase-auth:21.0.8] AndroidManifest.xml:42:21-48
240            </intent-filter>
241        </activity>
242        <activity
242-->[com.google.firebase:firebase-auth:21.0.8] AndroidManifest.xml:45:9-62:20
243            android:name="com.google.firebase.auth.internal.RecaptchaActivity"
243-->[com.google.firebase:firebase-auth:21.0.8] AndroidManifest.xml:46:13-79
244            android:excludeFromRecents="true"
244-->[com.google.firebase:firebase-auth:21.0.8] AndroidManifest.xml:47:13-46
245            android:exported="true"
245-->[com.google.firebase:firebase-auth:21.0.8] AndroidManifest.xml:48:13-36
246            android:launchMode="singleTask"
246-->[com.google.firebase:firebase-auth:21.0.8] AndroidManifest.xml:49:13-44
247            android:theme="@android:style/Theme.Translucent.NoTitleBar" >
247-->[com.google.firebase:firebase-auth:21.0.8] AndroidManifest.xml:50:13-72
248            <intent-filter>
248-->[com.google.firebase:firebase-auth:21.0.8] AndroidManifest.xml:51:13-61:29
249                <action android:name="android.intent.action.VIEW" />
249-->[com.google.firebase:firebase-auth:21.0.8] AndroidManifest.xml:34:17-69
249-->[com.google.firebase:firebase-auth:21.0.8] AndroidManifest.xml:34:25-66
250
251                <category android:name="android.intent.category.DEFAULT" />
251-->[com.google.firebase:firebase-auth:21.0.8] AndroidManifest.xml:36:17-76
251-->[com.google.firebase:firebase-auth:21.0.8] AndroidManifest.xml:36:27-73
252                <category android:name="android.intent.category.BROWSABLE" />
252-->[com.google.firebase:firebase-auth:21.0.8] AndroidManifest.xml:37:17-78
252-->[com.google.firebase:firebase-auth:21.0.8] AndroidManifest.xml:37:27-75
253
254                <data
254-->[com.google.firebase:firebase-auth:21.0.8] AndroidManifest.xml:39:17-42:51
255                    android:host="firebase.auth"
255-->[com.google.firebase:firebase-auth:21.0.8] AndroidManifest.xml:40:21-49
256                    android:path="/"
256-->[com.google.firebase:firebase-auth:21.0.8] AndroidManifest.xml:41:21-37
257                    android:scheme="recaptcha" />
257-->[com.google.firebase:firebase-auth:21.0.8] AndroidManifest.xml:42:21-48
258            </intent-filter>
259        </activity>
260
261        <provider
261-->[com.google.firebase:firebase-common:20.1.2] AndroidManifest.xml:26:9-31:39
262            android:name="com.google.firebase.provider.FirebaseInitProvider"
262-->[com.google.firebase:firebase-common:20.1.2] AndroidManifest.xml:27:13-77
263            android:authorities="com.smartersvision.home_services.firebaseinitprovider"
263-->[com.google.firebase:firebase-common:20.1.2] AndroidManifest.xml:28:13-72
264            android:directBootAware="true"
264-->[com.google.firebase:firebase-common:20.1.2] AndroidManifest.xml:29:13-43
265            android:exported="false"
265-->[com.google.firebase:firebase-common:20.1.2] AndroidManifest.xml:30:13-37
266            android:initOrder="100" /> <!-- Needs to be explicitly declared on P+ -->
266-->[com.google.firebase:firebase-common:20.1.2] AndroidManifest.xml:31:13-36
267        <uses-library
267-->[com.google.android.gms:play-services-maps:18.1.0] AndroidManifest.xml:39:9-41:40
268            android:name="org.apache.http.legacy"
268-->[com.google.android.gms:play-services-maps:18.1.0] AndroidManifest.xml:40:13-50
269            android:required="false" />
269-->[com.google.android.gms:play-services-maps:18.1.0] AndroidManifest.xml:41:13-37
270
271        <activity
271-->[com.google.android.gms:play-services-base:18.0.1] AndroidManifest.xml:20:9-22:45
272            android:name="com.google.android.gms.common.api.GoogleApiActivity"
272-->[com.google.android.gms:play-services-base:18.0.1] AndroidManifest.xml:20:19-85
273            android:exported="false"
273-->[com.google.android.gms:play-services-base:18.0.1] AndroidManifest.xml:22:19-43
274            android:theme="@android:style/Theme.Translucent.NoTitleBar" />
274-->[com.google.android.gms:play-services-base:18.0.1] AndroidManifest.xml:21:19-78
275
276        <meta-data
276-->[com.google.android.gms:play-services-basement:18.1.0] AndroidManifest.xml:21:9-23:69
277            android:name="com.google.android.gms.version"
277-->[com.google.android.gms:play-services-basement:18.1.0] AndroidManifest.xml:22:13-58
278            android:value="@integer/google_play_services_version" />
278-->[com.google.android.gms:play-services-basement:18.1.0] AndroidManifest.xml:23:13-66
279
280        <service
280-->[com.google.android.datatransport:transport-backend-cct:3.1.7] AndroidManifest.xml:29:9-35:19
281            android:name="com.google.android.datatransport.runtime.backends.TransportBackendDiscovery"
281-->[com.google.android.datatransport:transport-backend-cct:3.1.7] AndroidManifest.xml:30:13-103
282            android:exported="false" >
282-->[com.google.android.datatransport:transport-backend-cct:3.1.7] AndroidManifest.xml:31:13-37
283            <meta-data
283-->[com.google.android.datatransport:transport-backend-cct:3.1.7] AndroidManifest.xml:32:13-34:39
284                android:name="backend:com.google.android.datatransport.cct.CctBackendFactory"
284-->[com.google.android.datatransport:transport-backend-cct:3.1.7] AndroidManifest.xml:33:17-94
285                android:value="cct" />
285-->[com.google.android.datatransport:transport-backend-cct:3.1.7] AndroidManifest.xml:34:17-36
286        </service>
287        <service
287-->[com.google.android.datatransport:transport-runtime:3.1.7] AndroidManifest.xml:26:9-30:19
288            android:name="com.google.android.datatransport.runtime.scheduling.jobscheduling.JobInfoSchedulerService"
288-->[com.google.android.datatransport:transport-runtime:3.1.7] AndroidManifest.xml:27:13-117
289            android:exported="false"
289-->[com.google.android.datatransport:transport-runtime:3.1.7] AndroidManifest.xml:28:13-37
290            android:permission="android.permission.BIND_JOB_SERVICE" >
290-->[com.google.android.datatransport:transport-runtime:3.1.7] AndroidManifest.xml:29:13-69
291        </service>
292
293        <receiver
293-->[com.google.android.datatransport:transport-runtime:3.1.7] AndroidManifest.xml:32:9-34:40
294            android:name="com.google.android.datatransport.runtime.scheduling.jobscheduling.AlarmManagerSchedulerBroadcastReceiver"
294-->[com.google.android.datatransport:transport-runtime:3.1.7] AndroidManifest.xml:33:13-132
295            android:exported="false" />
295-->[com.google.android.datatransport:transport-runtime:3.1.7] AndroidManifest.xml:34:13-37
296    </application>
297
298</manifest>